<?xml version="1.0" encoding="UTF-8"?>
<testsuite xmlns:xsi="http://www.w3.org/2001/XMLSchema-instance" xsi:noNamespaceSchemaLocation="https://maven.apache.org/surefire/maven-surefire-plugin/xsd/surefire-test-report-3.0.xsd" version="3.0" name="helseapp.ui.GUITest" time="7.003" tests="4" errors="1" skipped="0" failures="0">
  <properties>
[...]
</properties>
  <testcase name="testController_initial" classname="helseapp.ui.GUITest" time="4.387"/>
  <testcase name="testSetDataFields" classname="helseapp.ui.GUITest" time="1.008"/>
  <testcase name="testHenteData" classname="helseapp.ui.GUITest" time="0.783">
    <error type="java.lang.IllegalArgumentException"><![CDATA[java.lang.IllegalArgumentException: argument "src" is null
	at helseapp.ui.GUITest.testHenteData(GUITest.java:98)
]]></error>
    <system-err><![CDATA[Feil!
]]></system-err>
  </testcase>
  <testcase name="testDateChangeAction" classname="helseapp.ui.GUITest" time="0.739"/>
</testsuite>